<?xml version="1.0" encoding="UTF-8"?>
<testng-results skipped="0" failed="0" total="1" passed="1">
  <reporter-output>
  </reporter-output>
  <suite name="Suite" duration-ms="30896" started-at="2020-04-22T11:47:31Z" finished-at="2020-04-22T11:48:02Z">
    <groups>
    </groups>
    <test name="Test" duration-ms="30896" started-at="2020-04-22T11:47:31Z" finished-at="2020-04-22T11:48:02Z">
      <class name="Empirix1_Project.Empirix1_Project.AppTest">
        <test-method status="PASS" signature="setup(java.lang.String)[pri:0, instance:Empirix1_Project.Empirix1_Project.AppTest@52e677af]" name="setup" is-config="true" duration-ms="28114" started-at="2020-04-22T17:17:31Z" finished-at="2020-04-22T17:17:59Z">
          <params>
            <param index="0">
              <value>
                <![CDATA[chrome]]>
              </value>
            </param>
          </params>
          <reporter-output>
          </reporter-output>
        </test-method> <!-- setup -->
        <test-method status="PASS" signature="testEasy()[pri:0, instance:Empirix1_Project.Empirix1_Project.AppTest@52e677af]" name="testEasy" duration-ms="1903" started-at="2020-04-22T17:17:59Z" finished-at="2020-04-22T17:18:01Z">
          <reporter-output>
          </reporter-output>
        </test-method> <!-- testEasy -->
        <test-method status="PASS" signature="afterTest()[pri:0, instance:Empirix1_Project.Empirix1_Project.AppTest@52e677af]" name="afterTest" is-config="true" duration-ms="864" started-at="2020-04-22T17:18:01Z" finished-at="2020-04-22T17:18:02Z">
          <reporter-output>
          </reporter-output>
        </test-method> <!-- afterTest -->
      </class> <!-- Empirix1_Project.Empirix1_Project.AppTest -->
    </test> <!-- Test -->
  </suite> <!-- Suite -->
</testng-results>
